<?xml version="1.0" encoding="utf-8"?><testsuites name="pytest tests"><testsuite name="pytest" errors="0" failures="0" skipped="0" tests="4" time="5.480" timestamp="2026-09-21T14:59:40.372494+00:00" hostname="agent-env-4069cc62-e91d-4bc9-bfa7-c4dc838076f1"><testcase classname="tests.backend_test.TestAppointmentStatus" name="test_patch_unauth" time="0.657" /><testcase classname="tests.backend_test.TestAppointmentStatus" name="test_patch_invalid_status" time="0.663" /><testcase classname="tests.backend_test.TestAppointmentStatus" name="test_patch_not_found" time="0.240" /><testcase classname="tests.backend_test.TestAppointmentStatus" name="test_cancel_frees_slot" time="1.733" /></testsuite></testsuites>