<?xml version="1.0" encoding="utf-8"?><testsuites name="pytest tests"><testsuite name="pytest" errors="0" failures="0" skipped="0" tests="18" time="5.996" timestamp="2026-09-20T17:07:13.510256+00:00" hostname="agent-env-4069cc62-e91d-4bc9-bfa7-c4dc838076f1"><testcase classname="tests.backend_test.TestAuth" name="test_login_wrong_password" time="0.425" /><testcase classname="tests.backend_test.TestWorkDays" name="test_list_workdays" time="0.426" /><testcase classname="tests.backend_test.TestAuth" name="test_login_correct" time="0.211" /><testcase classname="tests.backend_test.TestWorkDays" name="test_update_workday_unauth" time="0.219" /><testcase classname="tests.backend_test.TestAuth" name="test_auth_check_ok" time="0.423" /><testcase classname="tests.backend_test.TestAuth" name="test_auth_check_no_token" time="0.221" /><testcase classname="tests.backend_test.TestAppointments" name="test_booked_public" time="0.186" /><testcase classname="tests.backend_test.TestAppointments" name="test_list_appointments_unauth" time="0.161" /><testcase classname="tests.backend_test.TestAppointments" name="test_create_appointment_and_duplicate" time="0.387" /><testcase classname="tests.backend_test.TestWorkDays" name="test_update_monday_then_revert" time="1.870" /><testcase classname="tests.backend_test.TestAppointments" name="test_list_appointments_auth" time="0.177" /><testcase classname="tests.backend_test.TestBlockedSlots" name="test_list_blocked" time="0.239" /><testcase classname="tests.backend_test.TestBlockedSlots" name="test_create_block_unauth" time="0.219" /><testcase classname="tests.backend_test.TestWorkDays" name="test_update_workday_invalid_times" time="0.237" /><testcase classname="tests.backend_test.TestBlockedSlots" name="test_block_create_delete" time="0.466" /><testcase classname="tests.backend_test.TestServices" name="test_list_services_seeded" time="0.189" /><testcase classname="tests.backend_test.TestServices" name="test_create_service_unauth" time="0.229" /><testcase classname="tests.backend_test.TestServices" name="test_service_crud_flow" time="1.041" /></testsuite></testsuites>